{
  "meta": {
    "updatedAt": "2026-01-03T16:36:34.070Z",
    "bucket": "levante-performance-dev",
    "objectPath": "test-results/levante-dashboard-e2e-results.json",
    "lastUploadAt": "2026-01-03T16:34:37.531Z",
    "lastUploadOk": true,
    "lastUploadError": null
  },
  "byId": {
    "gh-0719-closed": {
      "result": "fail",
      "lastRunAt": "2026-01-03T16:36:34.070Z",
      "lastRunRunId": "2d305bfa-3641-42a0-96e8-beb0cc00a3b2",
      "lastRunCommand": "npx cypress run --browser chrome --e2e --spec cypress/e2e/researchers/bugs/gh-0719-closed.cy.ts --config baseUrl=${E2E_APP_URL:-https://hs-levante-admin-dev.web.app},video=true",
      "lastExitCode": 1,
      "lastLogPath": "/home/david/levante/levante-dashboard/.tmp/e2e-runner/2d305bfa-3641-42a0-96e8-beb0cc00a3b2.log",
      "lastLogTail": "\nDevTools listening on ws://127.0.0.1:46705/devtools/browser/abf0af34-15a2-4862-a9b8-127aabbcd58e\n(node:3022005) ExperimentalWarning: `--experimental-loader` may be removed in the future; instead use `register()`:\n--import 'data:text/javascript,import { register } from \"node:module\"; import { pathToFileURL } from \"node:url\"; register(\"file%3A///home/david/.cache/Cypress/14.5.4/Cypress/resources/app/node_modules/ts-node/esm/transpile-only.mjs\", pathToFileURL(\"./\"));'\n(Use `node --trace-warnings ...` to show where the warning was created)\n(node:3022005) Warning: To load an ES module, set \"type\": \"module\" in the package.json or use the .mjs extension.\n[3021794:0103/083451.277923:ERROR:object_proxy.cc(576)] Failed to call method: org.freedesktop.DBus.StartServiceByName: object_path= /org/freedesktop/DBus: org.freedesktop.DBus.Error.NoReply: Did not receive a reply. Possible causes include: the remote application did not send a reply, the message bus security policy blocked the reply, the reply timeout expired, or the network connection was broken.\n[cypress] env loaded from: /home/david/levante/levante-dashboard/.env | hasE2E_TEST_EMAIL=true hasE2E_TEST_PASSWORD=true\n\nresize:  can't open terminal /dev/tty\n================================================================================\n\n  (Run Starting)\n\n  ┌────────────────────────────────────────────────────────────────────────────────────────────────┐\n  │ Cypress:        14.5.4                                                                         │\n  │ Browser:        Chrome 124 (headless)                                                          │\n  │ Node Version:   v20.19.5 (/home/david/.nvm/versions/node/v20.19.5/bin/node)                    │\n  │ Specs:          1 found (gh-0719-closed.cy.ts)                                                 │\n  │ Searched:       cypress/e2e/researchers/bugs/gh-0719-closed.cy.ts                              │\n  └────────────────────────────────────────────────────────────────────────────────────────────────┘\n\n\n────────────────────────────────────────────────────────────────────────────────────────────────────\n                                                                                                    \n  Running:  gh-0719-closed.cy.ts                                                            (1 of 1)\n\n\n  GH#719 [CLOSED] Assignment cards show \"See Details\" even if stats are missing\n    1) renders assignment cards and See Details actions when stats docs are missing\n\n\n  0 passing (2m)\n  1 failing\n\n  1) GH#719 [CLOSED] Assignment cards show \"See Details\" even if stats are missing\n       renders assignment cards and See Details actions when stats docs are missing:\n     AssertionError: Timed out retrying after 90000ms: Expected to find element: `[data-cy=\"site-select\"]`, but never found it.\n      at Context.eval (webpack://roar-dashboard/./cypress/e2e/researchers/bugs/gh-0719-closed.cy.ts:107:58)\n\n\n\n\n  (Results)\n\n  ┌────────────────────────────────────────────────────────────────────────────────────────────────┐\n  │ Tests:        1                                                                                │\n  │ Passing:      0                                                                                │\n  │ Failing:      1                                                                                │\n  │ Pending:      0                                                                                │\n  │ Skipped:      0                                                                                │\n  │ Screenshots:  1                                                                                │\n  │ Video:        true                                                                             │\n  │ Duration:     1 minute, 36 seconds                                                             │\n  │ Spec Ran:     gh-0719-closed.cy.ts                                                             │\n  └────────────────────────────────────────────────────────────────────────────────────────────────┘\n\n\n  (Screenshots)\n\n  -  /home/david/levante/levante-dashboard/cypress/screenshots/gh-0719-closed.cy.ts/G     (1280x633)\n     H#719 [CLOSED] Assignment cards show See Details even if stats are missing -- re               \n     nders assignment cards and See Details actions when stats docs are missing (fail               \n     ed) (3).png                                                                                    \n\n\n  (Video)\n\n  -  Video output: /home/david/levante/levante-dashboard/cypress/videos/gh-0719-closed.cy.ts (3).mp4\n\n\nresize:  can't open terminal /dev/tty\n================================================================================\n\n  (Run Finished)\n\n\n       Spec                                              Tests  Passing  Failing  Pending  Skipped  \n  ┌────────────────────────────────────────────────────────────────────────────────────────────────┐\n  │ ✖  gh-0719-closed.cy.ts                     01:36        1        -        1        -        - │\n  └────────────────────────────────────────────────────────────────────────────────────────────────┘\n    ✖  1 of 1 failed (100%)                     01:36        1        -        1        -        -  \n\n"
    },
    "gh-0735-open": {
      "result": "fail",
      "lastRunAt": "2026-01-03T16:34:35.486Z",
      "lastRunRunId": "0d860b5e-5651-4c89-b5bb-6316396325ef",
      "lastRunCommand": "CYPRESS_E2E_RUN_OPEN_BUGS=true npx cypress run --browser chrome --e2e --spec cypress/e2e/researchers/bugs/gh-0735-open.cy.ts --config baseUrl=${E2E_APP_URL:-https://hs-levante-admin-dev.web.app},video=true",
      "lastExitCode": 1,
      "lastLogPath": "/home/david/levante/levante-dashboard/.tmp/e2e-runner/0d860b5e-5651-4c89-b5bb-6316396325ef.log",
      "lastLogTail": "\nDevTools listening on ws://127.0.0.1:33927/devtools/browser/c136c1a9-873f-4781-b236-5f0ee1a7747b\n(node:3019422) ExperimentalWarning: `--experimental-loader` may be removed in the future; instead use `register()`:\n--import 'data:text/javascript,import { register } from \"node:module\"; import { pathToFileURL } from \"node:url\"; register(\"file%3A///home/david/.cache/Cypress/14.5.4/Cypress/resources/app/node_modules/ts-node/esm/transpile-only.mjs\", pathToFileURL(\"./\"));'\n(Use `node --trace-warnings ...` to show where the warning was created)\n(node:3019422) Warning: To load an ES module, set \"type\": \"module\" in the package.json or use the .mjs extension.\n[3019229:0103/083250.505428:ERROR:object_proxy.cc(576)] Failed to call method: org.freedesktop.DBus.StartServiceByName: object_path= /org/freedesktop/DBus: org.freedesktop.DBus.Error.NoReply: Did not receive a reply. Possible causes include: the remote application did not send a reply, the message bus security policy blocked the reply, the reply timeout expired, or the network connection was broken.\n[cypress] env loaded from: /home/david/levante/levante-dashboard/.env | hasE2E_TEST_EMAIL=true hasE2E_TEST_PASSWORD=true\n\nresize:  can't open terminal /dev/tty\n================================================================================\n\n  (Run Starting)\n\n  ┌────────────────────────────────────────────────────────────────────────────────────────────────┐\n  │ Cypress:        14.5.4                                                                         │\n  │ Browser:        Chrome 124 (headless)                                                          │\n  │ Node Version:   v20.19.5 (/home/david/.nvm/versions/node/v20.19.5/bin/node)                    │\n  │ Specs:          1 found (gh-0735-open.cy.ts)                                                   │\n  │ Searched:       cypress/e2e/researchers/bugs/gh-0735-open.cy.ts                                │\n  └────────────────────────────────────────────────────────────────────────────────────────────────┘\n\n\n────────────────────────────────────────────────────────────────────────────────────────────────────\n                                                                                                    \n  Running:  gh-0735-open.cy.ts                                                              (1 of 1)\n\n\n  GH#735 [OPEN] PERMISSIONS Progress report is blank for some users\n    1) site admin can open Progress Report without 403 and sees the data table\n\n\n  0 passing (2m)\n  1 failing\n\n  1) GH#735 [OPEN] PERMISSIONS Progress report is blank for some users\n       site admin can open Progress Report without 403 and sees the data table:\n     AssertionError: Timed out retrying after 90000ms: Expected to find element: `[data-cy=\"site-select\"]`, but never found it.\n      at selectSite (webpack://roar-dashboard/./cypress/e2e/researchers/_helpers.ts:46:56)\n      at Context.eval (webpack://roar-dashboard/./cypress/e2e/researchers/bugs/gh-0735-open.cy.ts:46:15)\n\n\n\n\n  (Results)\n\n  ┌────────────────────────────────────────────────────────────────────────────────────────────────┐\n  │ Tests:        1                                                                                │\n  │ Passing:      0                                                                                │\n  │ Failing:      1                                                                                │\n  │ Pending:      0                                                                                │\n  │ Skipped:      0                                                                                │\n  │ Screenshots:  1                                                                                │\n  │ Video:        true                                                                             │\n  │ Duration:     1 minute, 37 seconds                                                             │\n  │ Spec Ran:     gh-0735-open.cy.ts                                                               │\n  └────────────────────────────────────────────────────────────────────────────────────────────────┘\n\n\n  (Screenshots)\n\n  -  /home/david/levante/levante-dashboard/cypress/screenshots/gh-0735-open.cy.ts/GH#     (1280x633)\n     735 [OPEN] PERMISSIONS Progress report is blank for some users -- site admin can               \n      open Progress Report without 403 and sees the data table (failed).png                         \n\n\n  (Video)\n\n  -  Video output: /home/david/levante/levante-dashboard/cypress/videos/gh-0735-open.cy.ts (2).mp4\n\n\nresize:  can't open terminal /dev/tty\n================================================================================\n\n  (Run Finished)\n\n\n       Spec                                              Tests  Passing  Failing  Pending  Skipped  \n  ┌────────────────────────────────────────────────────────────────────────────────────────────────┐\n  │ ✖  gh-0735-open.cy.ts                       01:37        1        -        1        -        - │\n  └────────────────────────────────────────────────────────────────────────────────────────────────┘\n    ✖  1 of 1 failed (100%)                     01:37        1        -        1        -        -  \n\n"
    }
  }
}